# configure exec: ./configure --prefix=/Users/gunjalgupta/Desktop/UberEats-clone/backend/node_modules/node-rdkafka/build/deps --libdir=/Users/gunjalgupta/Desktop/UberEats-clone/backend/node_modules/node-rdkafka/build/deps --prefix=/Users/gunjalgupta/Desktop/UberEats-clone/backend/node_modules/node-rdkafka/build/deps --libdir=/Users/gunjalgupta/Desktop/UberEats-clone/backend/node_modules/node-rdkafka/build/deps
# On Tue Oct 19 19:52:37 PDT 2021
DBG 31745: Setting distro (distro) status to ok (action ignore)
DBG 31745: ccenv: WITH_CC:  --version failed: mklove/modules/configure.base: line 1761: --version: command not found
DBG 31745: Setting ccenv (ccenv) status to failed (action cont)
DBG 31745: Check ccenv (WITH_CC, action cont (originally cont)) failed: command ' --version' failed:
mklove/modules/configure.base: line 1761: --version: command not found
DBG 31745: Setting gcc (gcc) status to ok (action cont)
DBG 31745: cxxenv: WITH_CXX:  --version failed: mklove/modules/configure.base: line 1761: --version: command not found
DBG 31745: Setting cxxenv (cxxenv) status to failed (action cont)
DBG 31745: Check cxxenv (WITH_CXX, action cont (originally cont)) failed: command ' --version' failed:
mklove/modules/configure.base: line 1761: --version: command not found
DBG 31745: Setting gxx (gxx) status to ok (action cont)
DBG 31745: Setting ld (ld) status to ok (action disable)
DBG 31745: Setting nm (nm) status to ok (action disable)
DBG 31745: Setting objdump (objdump) status to ok (action disable)
DBG 31745: Setting strip (strip) status to ok (action disable)
DBG 31745: Setting libtool (libtool) status to ok (action disable)
DBG 31745: Setting ranlib (ranlib) status to ok (action disable)
DBG 31745: Compile check cc_g_dwarf () (sub=0): gcc   -Wall -Werror _mkltmpheqUSD.c -o _mkltmpheqUSD.c.o  -L/Users/gunjalgupta/Desktop/UberEats-clone/backend/node_modules/node-rdkafka/build/deps -gstrict-dwarf
DBG 31745: Setting cc_g_dwarf (cc_g_dwarf) status to ok (action cont)
DBG 31745: pkgconfig: WITH_PKGCONFIG: pkg-config --version failed: mklove/modules/configure.base: line 1761: pkg-config: command not found
DBG 31745: Setting pkgconfig (pkgconfig) status to failed (action cont)
DBG 31745: Check pkgconfig (WITH_PKGCONFIG, action cont (originally cont)) failed: command 'pkg-config --version' failed:
mklove/modules/configure.base: line 1761: pkg-config: command not found
DBG 31745: install: WITH_INSTALL: install --version failed: install: illegal option -- -
usage: install [-bCcpSsv] [-B suffix] [-f flags] [-g group] [-m mode]
               [-o owner] file1 file2
       install [-bCcpSsv] [-B suffix] [-f flags] [-g group] [-m mode]
               [-o owner] file1 ... fileN directory
       install -d [-v] [-g group] [-m mode] [-o owner] directory ...
DBG 31745: Setting install (install) status to failed (action cont)
DBG 31745: Check install (WITH_INSTALL, action cont (originally cont)) failed: command 'install --version' failed:
install: illegal option -- -
usage: install [-bCcpSsv] [-B suffix] [-f flags] [-g group] [-m mode]
               [-o owner] file1 file2
       install [-bCcpSsv] [-B suffix] [-f flags] [-g group] [-m mode]
               [-o owner] file1 ... fileN directory
       install -d [-v] [-g group] [-m mode] [-o owner] directory ...
DBG 31745: Compile check PIC (HAVE_PIC) (sub=0): gcc  -gstrict-dwarf -O2 -Wall -Werror _mkltmpQHtKOr.c -o _mkltmpQHtKOr.c.o  -L/Users/gunjalgupta/Desktop/UberEats-clone/backend/node_modules/node-rdkafka/build/deps -fPIC
DBG 31745: Setting PIC (PIC) status to ok (action disable)
DBG 31745: Compile check gnulib (WITH_GNULD) (sub=0): gcc  -gstrict-dwarf -O2 -fPIC -Wall -Werror _mkltmph8DuBT.c -o _mkltmph8DuBT.c.o  -L/Users/gunjalgupta/Desktop/UberEats-clone/backend/node_modules/node-rdkafka/build/deps -shared -Wl,-soname,mkltest.0
DBG 31745: compile check for gnulib (WITH_GNULD) failed: gcc  -gstrict-dwarf -O2 -fPIC -Wall -Werror _mkltmph8DuBT.c -o _mkltmph8DuBT.c.o  -L/Users/gunjalgupta/Desktop/UberEats-clone/backend/node_modules/node-rdkafka/build/deps -shared -Wl,-soname,mkltest.0: ld: unknown option: -soname
clang: error: linker command failed with exit code 1 (use -v to see invocation)
DBG 31745: Setting gnulib (gnulib) status to failed (action cont)
DBG 31745: Check gnulib (WITH_GNULD, action cont (originally cont)) failed: compile check failed:
CC: CC
flags: -shared -Wl,-soname,mkltest.0
gcc  -gstrict-dwarf -O2 -fPIC -Wall -Werror _mkltmph8DuBT.c -o _mkltmph8DuBT.c.o  -L/Users/gunjalgupta/Desktop/UberEats-clone/backend/node_modules/node-rdkafka/build/deps -shared -Wl,-soname,mkltest.0:
ld: unknown option: -soname
clang: error: linker command failed with exit code 1 (use -v to see invocation)
source: 
DBG 31745: Compile check osxlib (WITH_OSXLD) (sub=0): gcc  -gstrict-dwarf -O2 -fPIC -Wall -Werror _mkltmpbdaP3V.c -o _mkltmpbdaP3V.c.o  -L/Users/gunjalgupta/Desktop/UberEats-clone/backend/node_modules/node-rdkafka/build/deps -dynamiclib -Wl,-install_name,/tmp/mkltest.so.0
DBG 31745: Setting osxlib (osxlib) status to ok (action cont)
DBG 31745: Compile check ldsflagvs () (sub=0): gcc  -gstrict-dwarf -O2 -fPIC -Wall -Werror _mkltmpLSErSB.c -o _mkltmpLSErSB.c.o  -L/Users/gunjalgupta/Desktop/UberEats-clone/backend/node_modules/node-rdkafka/build/deps -shared -Wl,--version-script=_mkltmp83GYkT
DBG 31745: compile check for ldsflagvs () failed: gcc  -gstrict-dwarf -O2 -fPIC -Wall -Werror _mkltmpLSErSB.c -o _mkltmpLSErSB.c.o  -L/Users/gunjalgupta/Desktop/UberEats-clone/backend/node_modules/node-rdkafka/build/deps -shared -Wl,--version-script=_mkltmp83GYkT: ld: unknown option: --version-script=_mkltmp83GYkT
clang: error: linker command failed with exit code 1 (use -v to see invocation)
DBG 31745: Setting ldsflagvs (ldsflagvs) status to failed (action cont)
DBG 31745: Check ldsflagvs (, action cont (originally cont)) failed: compile check failed:
CC: CC
flags: -shared -Wl,--version-script=_mkltmp83GYkT
gcc  -gstrict-dwarf -O2 -fPIC -Wall -Werror _mkltmpLSErSB.c -o _mkltmpLSErSB.c.o  -L/Users/gunjalgupta/Desktop/UberEats-clone/backend/node_modules/node-rdkafka/build/deps -shared -Wl,--version-script=_mkltmp83GYkT:
ld: unknown option: --version-script=_mkltmp83GYkT
clang: error: linker command failed with exit code 1 (use -v to see invocation)
source: 
DBG 31745: Compile check ldsflagm () (sub=0): gcc  -gstrict-dwarf -O2 -fPIC -Wall -Werror _mkltmpgoEGdc.c -o _mkltmpgoEGdc.c.o  -L/Users/gunjalgupta/Desktop/UberEats-clone/backend/node_modules/node-rdkafka/build/deps -shared -Wl,-M_mkltmp83GYkT
DBG 31745: compile check for ldsflagm () failed: gcc  -gstrict-dwarf -O2 -fPIC -Wall -Werror _mkltmpgoEGdc.c -o _mkltmpgoEGdc.c.o  -L/Users/gunjalgupta/Desktop/UberEats-clone/backend/node_modules/node-rdkafka/build/deps -shared -Wl,-M_mkltmp83GYkT: ld: unknown option: -M_mkltmp83GYkT
clang: error: linker command failed with exit code 1 (use -v to see invocation)
DBG 31745: Setting ldsflagm (ldsflagm) status to failed (action ignore)
DBG 31745: Check ldsflagm (, action ignore (originally ignore)) failed: compile check failed:
CC: CC
flags: -shared -Wl,-M_mkltmp83GYkT
gcc  -gstrict-dwarf -O2 -fPIC -Wall -Werror _mkltmpgoEGdc.c -o _mkltmpgoEGdc.c.o  -L/Users/gunjalgupta/Desktop/UberEats-clone/backend/node_modules/node-rdkafka/build/deps -shared -Wl,-M_mkltmp83GYkT:
ld: unknown option: -M_mkltmp83GYkT
clang: error: linker command failed with exit code 1 (use -v to see invocation)
source: 
DBG 31745: Compile check __atomic_32 (HAVE_ATOMICS_32) (sub=0): gcc  -gstrict-dwarf -O2 -fPIC -Wall -Werror _mkltmpBEzSSX.c -o _mkltmpBEzSSX.c.o  -L/Users/gunjalgupta/Desktop/UberEats-clone/backend/node_modules/node-rdkafka/build/deps 
DBG 31745: Setting __atomic_32 (__atomic_32) status to ok (action cont)
DBG 31745: Compile check __atomic_64 (HAVE_ATOMICS_64) (sub=0): gcc  -gstrict-dwarf -O2 -fPIC -Wall -Werror _mkltmppey41G.c -o _mkltmppey41G.c.o  -L/Users/gunjalgupta/Desktop/UberEats-clone/backend/node_modules/node-rdkafka/build/deps 
DBG 31745: Setting __atomic_64 (__atomic_64) status to ok (action cont)
DBG 31745: Compile check socket () (sub=0): gcc  -gstrict-dwarf -O2 -fPIC -Wall -Wsign-compare -Wfloat-equal -Wpointer-arith -Wcast-align -Wall -Werror _mkltmpsojfTW.c -o _mkltmpsojfTW.c.o  -L/Users/gunjalgupta/Desktop/UberEats-clone/backend/node_modules/node-rdkafka/build/deps 
DBG 31745: Setting socket (socket) status to ok (action cont)
DBG 31745: Setting parseversion (parseversion) status to ok (action cont)
DBG 31745: librt: Check for static library (libs -lrt, arfile variable STATIC_LIB_librt=, static filenames )
DBG 31745: Compile check librt () (sub=0): gcc  -gstrict-dwarf -O2 -fPIC -Wall -Wsign-compare -Wfloat-equal -Wpointer-arith -Wcast-align -Wall -Werror _mkltmpcjcRIP.c -o _mkltmpcjcRIP.c.o  -L/Users/gunjalgupta/Desktop/UberEats-clone/backend/node_modules/node-rdkafka/build/deps -lrt
DBG 31745: compile check for librt () failed: gcc  -gstrict-dwarf -O2 -fPIC -Wall -Wsign-compare -Wfloat-equal -Wpointer-arith -Wcast-align -Wall -Werror _mkltmpcjcRIP.c -o _mkltmpcjcRIP.c.o  -L/Users/gunjalgupta/Desktop/UberEats-clone/backend/node_modules/node-rdkafka/build/deps -lrt: ld: library not found for -lrt
clang: error: linker command failed with exit code 1 (use -v to see invocation)
DBG 31745: Setting librt (librt) status to failed (action cont)
DBG 31745: Check librt (, action cont (originally cont)) failed: compile check failed:
CC: CC
flags: -lrt
gcc  -gstrict-dwarf -O2 -fPIC -Wall -Wsign-compare -Wfloat-equal -Wpointer-arith -Wcast-align -Wall -Werror _mkltmpcjcRIP.c -o _mkltmpcjcRIP.c.o  -L/Users/gunjalgupta/Desktop/UberEats-clone/backend/node_modules/node-rdkafka/build/deps -lrt:
ld: library not found for -lrt
clang: error: linker command failed with exit code 1 (use -v to see invocation)
source: 
DBG 31745: libpthread: Check for static library (libs -lpthread, arfile variable STATIC_LIB_libpthread=, static filenames )
DBG 31745: Compile check libpthread () (sub=0): gcc  -gstrict-dwarf -O2 -fPIC -Wall -Wsign-compare -Wfloat-equal -Wpointer-arith -Wcast-align -Wall -Werror _mkltmpm8JMBJ.c -o _mkltmpm8JMBJ.c.o  -L/Users/gunjalgupta/Desktop/UberEats-clone/backend/node_modules/node-rdkafka/build/deps -lpthread
DBG 31745: Setting libpthread (libpthread) status to ok (action fail)
DBG 31745: libpthread: from lib_check: LIBS: prepend -lpthread
DBG 31745: c11threads: Check for static library (libs -lpthread, arfile variable STATIC_LIB_c11threads=, static filenames )
DBG 31745: Compile check c11threads (WITH_C11THREADS) (sub=0): gcc  -gstrict-dwarf -O2 -fPIC -Wall -Wsign-compare -Wfloat-equal -Wpointer-arith -Wcast-align -Wall -Werror _mkltmplPIctQ.c -o _mkltmplPIctQ.c.o  -L/Users/gunjalgupta/Desktop/UberEats-clone/backend/node_modules/node-rdkafka/build/deps -lpthread
DBG 31745: compile check for c11threads (WITH_C11THREADS) failed: gcc  -gstrict-dwarf -O2 -fPIC -Wall -Wsign-compare -Wfloat-equal -Wpointer-arith -Wcast-align -Wall -Werror _mkltmplPIctQ.c -o _mkltmplPIctQ.c.o  -L/Users/gunjalgupta/Desktop/UberEats-clone/backend/node_modules/node-rdkafka/build/deps -lpthread: _mkltmplPIctQ.c:2:10: fatal error: 'threads.h' file not found
#include <threads.h>
         ^~~~~~~~~~~
1 error generated.
DBG 31745: Setting c11threads (c11threads) status to failed (action disable)
DBG 31745: Check c11threads (WITH_C11THREADS, action disable (originally disable)) failed: compile check failed:
CC: CC
flags: -lpthread
gcc  -gstrict-dwarf -O2 -fPIC -Wall -Wsign-compare -Wfloat-equal -Wpointer-arith -Wcast-align -Wall -Werror _mkltmplPIctQ.c -o _mkltmplPIctQ.c.o  -L/Users/gunjalgupta/Desktop/UberEats-clone/backend/node_modules/node-rdkafka/build/deps -lpthread:
_mkltmplPIctQ.c:2:10: fatal error: 'threads.h' file not found
#include <threads.h>
         ^~~~~~~~~~~
1 error generated.
source: 
#include <threads.h>


static int start_func (void *arg) {
   int iarg = *(int *)arg;
   return iarg;
}

void foo (void) {
    thrd_t thr;
    int arg = 1;
    if (thrd_create(&thr, start_func, (void *)&arg) != thrd_success) {
      ;
    }
}

DBG 31745: libdl: Check for static library (libs -ldl, arfile variable STATIC_LIB_libdl=, static filenames )
DBG 31745: Compile check libdl (WITH_LIBDL) (sub=0): gcc  -gstrict-dwarf -O2 -fPIC -Wall -Wsign-compare -Wfloat-equal -Wpointer-arith -Wcast-align -Wall -Werror _mkltmpC1PvgF.c -o _mkltmpC1PvgF.c.o  -L/Users/gunjalgupta/Desktop/UberEats-clone/backend/node_modules/node-rdkafka/build/deps -ldl
DBG 31745: Setting libdl (libdl) status to ok (action disable)
DBG 31745: libdl: from lib_check: LIBS: prepend -ldl
DBG 31745: zlib: Check for static library (libs -lz, arfile variable STATIC_LIB_zlib=, static filenames libz.a)
DBG 31745: Compile check zlib (WITH_ZLIB) (sub=0): gcc  -gstrict-dwarf -O2 -fPIC -Wall -Wsign-compare -Wfloat-equal -Wpointer-arith -Wcast-align -Wall -Werror _mkltmpHD0TVA.c -o _mkltmpHD0TVA.c.o  -L/Users/gunjalgupta/Desktop/UberEats-clone/backend/node_modules/node-rdkafka/build/deps -lz
DBG 31745: Setting zlib (zlib) status to ok (action disable)
DBG 31745: zlib: from lib_check: LIBS: prepend -lz
DBG 31745: libcrypto: Check for static library (libs -lcrypto, arfile variable STATIC_LIB_libcrypto=, static filenames libcrypto.a)
DBG 31745: Compile check libcrypto () (sub=0): gcc  -gstrict-dwarf -O2 -fPIC -Wall -Wsign-compare -Wfloat-equal -Wpointer-arith -Wcast-align -Wall -Werror _mkltmpnY9rIE.c -o _mkltmpnY9rIE.c.o  -L/Users/gunjalgupta/Desktop/UberEats-clone/backend/node_modules/node-rdkafka/build/deps -lcrypto
DBG 31745: compile check for libcrypto () failed: gcc  -gstrict-dwarf -O2 -fPIC -Wall -Wsign-compare -Wfloat-equal -Wpointer-arith -Wcast-align -Wall -Werror _mkltmpnY9rIE.c -o _mkltmpnY9rIE.c.o  -L/Users/gunjalgupta/Desktop/UberEats-clone/backend/node_modules/node-rdkafka/build/deps -lcrypto: _mkltmpnY9rIE.c:2:10: fatal error: 'openssl/ssl.h' file not found
#include <openssl/ssl.h>
         ^~~~~~~~~~~~~~~
1 error generated.
DBG 31745: Setting libcrypto (libcrypto) status to failed (action disable)
DBG 31745: Check libcrypto (, action disable (originally disable)) failed: compile check failed:
CC: CC
flags: -lcrypto
gcc  -gstrict-dwarf -O2 -fPIC -Wall -Wsign-compare -Wfloat-equal -Wpointer-arith -Wcast-align -Wall -Werror _mkltmpnY9rIE.c -o _mkltmpnY9rIE.c.o  -L/Users/gunjalgupta/Desktop/UberEats-clone/backend/node_modules/node-rdkafka/build/deps -lcrypto:
_mkltmpnY9rIE.c:2:10: fatal error: 'openssl/ssl.h' file not found
#include <openssl/ssl.h>
         ^~~~~~~~~~~~~~~
1 error generated.
source: 
#include <openssl/ssl.h>
#include <openssl/evp.h>
#if OPENSSL_VERSION_NUMBER < 0x1000100fL
#error "Requires OpenSSL version >= v1.0.1"
#endif
DBG 31745: libsasl2: Check for static library (libs -lsasl2, arfile variable STATIC_LIB_libsasl2=, static filenames )
DBG 31745: Compile check libsasl2 (WITH_SASL_CYRUS) (sub=0): gcc  -gstrict-dwarf -O2 -fPIC -Wall -Wsign-compare -Wfloat-equal -Wpointer-arith -Wcast-align -Wall -Werror _mkltmpJDJT7J.c -o _mkltmpJDJT7J.c.o  -L/Users/gunjalgupta/Desktop/UberEats-clone/backend/node_modules/node-rdkafka/build/deps -lsasl2
DBG 31745: Setting libsasl2 (libsasl2) status to ok (action disable)
DBG 31745: libsasl2: from lib_check: LIBS: prepend -lsasl2
DBG 31745: libzstd: Check for static library (libs -lzstd, arfile variable STATIC_LIB_libzstd=, static filenames libzstd.a)
DBG 31745: Compile check libzstd (WITH_ZSTD) (sub=0): gcc  -gstrict-dwarf -O2 -fPIC -Wall -Wsign-compare -Wfloat-equal -Wpointer-arith -Wcast-align -Wall -Werror _mkltmp0LW1mG.c -o _mkltmp0LW1mG.c.o  -L/Users/gunjalgupta/Desktop/UberEats-clone/backend/node_modules/node-rdkafka/build/deps -lzstd
DBG 31745: compile check for libzstd (WITH_ZSTD) failed: gcc  -gstrict-dwarf -O2 -fPIC -Wall -Wsign-compare -Wfloat-equal -Wpointer-arith -Wcast-align -Wall -Werror _mkltmp0LW1mG.c -o _mkltmp0LW1mG.c.o  -L/Users/gunjalgupta/Desktop/UberEats-clone/backend/node_modules/node-rdkafka/build/deps -lzstd: _mkltmp0LW1mG.c:2:10: fatal error: 'zstd.h' file not found
#include <zstd.h>
         ^~~~~~~~
1 error generated.
DBG 31745: Setting libzstd (libzstd) status to failed (action disable)
DBG 31745: Check libzstd (WITH_ZSTD, action disable (originally disable)) failed: compile check failed:
CC: CC
flags: -lzstd
gcc  -gstrict-dwarf -O2 -fPIC -Wall -Wsign-compare -Wfloat-equal -Wpointer-arith -Wcast-align -Wall -Werror _mkltmp0LW1mG.c -o _mkltmp0LW1mG.c.o  -L/Users/gunjalgupta/Desktop/UberEats-clone/backend/node_modules/node-rdkafka/build/deps -lzstd:
_mkltmp0LW1mG.c:2:10: fatal error: 'zstd.h' file not found
#include <zstd.h>
         ^~~~~~~~
1 error generated.
source: 
#include <zstd.h>
#include <zstd_errors.h>

void foo (void) {
     ZSTD_getFrameContentSize(NULL, 0);
}

DBG 31745: libm: Check for static library (libs -lm, arfile variable STATIC_LIB_libm=, static filenames )
DBG 31745: Compile check libm () (sub=0): gcc  -gstrict-dwarf -O2 -fPIC -Wall -Wsign-compare -Wfloat-equal -Wpointer-arith -Wcast-align -Wall -Werror _mkltmp3crLxq.c -o _mkltmp3crLxq.c.o  -L/Users/gunjalgupta/Desktop/UberEats-clone/backend/node_modules/node-rdkafka/build/deps -lm
DBG 31745: Setting libm (libm) status to ok (action disable)
DBG 31745: libm: from lib_check: LIBS: prepend -lm
DBG 31745: liblz4: Check for static library (libs -llz4, arfile variable STATIC_LIB_liblz4=, static filenames liblz4.a)
DBG 31745: Compile check liblz4 (WITH_LZ4_EXT) (sub=0): gcc  -gstrict-dwarf -O2 -fPIC -Wall -Wsign-compare -Wfloat-equal -Wpointer-arith -Wcast-align -Wall -Werror _mkltmpER3UKi.c -o _mkltmpER3UKi.c.o  -L/Users/gunjalgupta/Desktop/UberEats-clone/backend/node_modules/node-rdkafka/build/deps -llz4
DBG 31745: compile check for liblz4 (WITH_LZ4_EXT) failed: gcc  -gstrict-dwarf -O2 -fPIC -Wall -Wsign-compare -Wfloat-equal -Wpointer-arith -Wcast-align -Wall -Werror _mkltmpER3UKi.c -o _mkltmpER3UKi.c.o  -L/Users/gunjalgupta/Desktop/UberEats-clone/backend/node_modules/node-rdkafka/build/deps -llz4: _mkltmpER3UKi.c:1:10: fatal error: 'lz4frame.h' file not found
#include <lz4frame.h>
         ^~~~~~~~~~~~
1 error generated.
DBG 31745: Setting liblz4 (liblz4) status to failed (action disable)
DBG 31745: Check liblz4 (WITH_LZ4_EXT, action disable (originally disable)) failed: compile check failed:
CC: CC
flags: -llz4
gcc  -gstrict-dwarf -O2 -fPIC -Wall -Wsign-compare -Wfloat-equal -Wpointer-arith -Wcast-align -Wall -Werror _mkltmpER3UKi.c -o _mkltmpER3UKi.c.o  -L/Users/gunjalgupta/Desktop/UberEats-clone/backend/node_modules/node-rdkafka/build/deps -llz4:
_mkltmpER3UKi.c:1:10: fatal error: 'lz4frame.h' file not found
#include <lz4frame.h>
         ^~~~~~~~~~~~
1 error generated.
source: #include <lz4frame.h>
DBG 31745: Compile check syslog (WITH_SYSLOG) (sub=0): gcc  -gstrict-dwarf -O2 -fPIC -Wall -Wsign-compare -Wfloat-equal -Wpointer-arith -Wcast-align -Wall -Werror _mkltmpVTCwBT.c -o _mkltmpVTCwBT.c.o  -L/Users/gunjalgupta/Desktop/UberEats-clone/backend/node_modules/node-rdkafka/build/deps 
DBG 31745: Setting syslog (syslog) status to ok (action disable)
DBG 31745: Compile check rapidjson (WITH_RAPIDJSON) (sub=0): g++  -gstrict-dwarf -O2 -fPIC -Wall -Wsign-compare -Wfloat-equal -Wpointer-arith -Wcast-align -Wall -Werror _mkltmpGIukTX.cpp -o _mkltmpGIukTX.cpp.o  -L/Users/gunjalgupta/Desktop/UberEats-clone/backend/node_modules/node-rdkafka/build/deps 
DBG 31745: compile check for rapidjson (WITH_RAPIDJSON) failed: g++  -gstrict-dwarf -O2 -fPIC -Wall -Wsign-compare -Wfloat-equal -Wpointer-arith -Wcast-align -Wall -Werror _mkltmpGIukTX.cpp -o _mkltmpGIukTX.cpp.o  -L/Users/gunjalgupta/Desktop/UberEats-clone/backend/node_modules/node-rdkafka/build/deps : _mkltmpGIukTX.cpp:1:10: fatal error: 'rapidjson/schema.h' file not found
#include <rapidjson/schema.h>
         ^~~~~~~~~~~~~~~~~~~~
1 error generated.
DBG 31745: Setting rapidjson (rapidjson) status to failed (action disable)
DBG 31745: Check rapidjson (WITH_RAPIDJSON, action disable (originally disable)) failed: compile check failed:
CC: CXX
flags: 
g++  -gstrict-dwarf -O2 -fPIC -Wall -Wsign-compare -Wfloat-equal -Wpointer-arith -Wcast-align -Wall -Werror _mkltmpGIukTX.cpp -o _mkltmpGIukTX.cpp.o  -L/Users/gunjalgupta/Desktop/UberEats-clone/backend/node_modules/node-rdkafka/build/deps :
_mkltmpGIukTX.cpp:1:10: fatal error: 'rapidjson/schema.h' file not found
#include <rapidjson/schema.h>
         ^~~~~~~~~~~~~~~~~~~~
1 error generated.
source: #include <rapidjson/schema.h>
DBG 31745: Compile check crc32chw (WITH_CRC32C_HW) (sub=0): gcc  -gstrict-dwarf -O2 -fPIC -Wall -Wsign-compare -Wfloat-equal -Wpointer-arith -Wcast-align -Wall -Werror _mkltmpEHIUOl.c -o _mkltmpEHIUOl.c.o  -L/Users/gunjalgupta/Desktop/UberEats-clone/backend/node_modules/node-rdkafka/build/deps 
DBG 31745: Setting crc32chw (crc32chw) status to ok (action disable)
DBG 31745: Compile check regex (HAVE_REGEX) (sub=0): gcc  -gstrict-dwarf -O2 -fPIC -Wall -Wsign-compare -Wfloat-equal -Wpointer-arith -Wcast-align -Wall -Werror _mkltmpctG36y.c -o _mkltmpctG36y.c.o  -L/Users/gunjalgupta/Desktop/UberEats-clone/backend/node_modules/node-rdkafka/build/deps 
DBG 31745: Setting regex (regex) status to ok (action disable)
DBG 31745: Compile check rand_r (HAVE_RAND_R) (sub=0): gcc  -gstrict-dwarf -O2 -fPIC -Wall -Wsign-compare -Wfloat-equal -Wpointer-arith -Wcast-align -Wall -Werror _mkltmpsh8m7x.c -o _mkltmpsh8m7x.c.o  -L/Users/gunjalgupta/Desktop/UberEats-clone/backend/node_modules/node-rdkafka/build/deps 
DBG 31745: Setting rand_r (rand_r) status to ok (action disable)
DBG 31745: Compile check strndup (HAVE_STRNDUP) (sub=0): gcc  -gstrict-dwarf -O2 -fPIC -Wall -Wsign-compare -Wfloat-equal -Wpointer-arith -Wcast-align -Wall -Werror _mkltmp88g5CV.c -o _mkltmp88g5CV.c.o  -L/Users/gunjalgupta/Desktop/UberEats-clone/backend/node_modules/node-rdkafka/build/deps 
DBG 31745: Setting strndup (strndup) status to ok (action disable)
DBG 31745: Compile check strlcpy (HAVE_STRLCPY) (sub=0): gcc  -gstrict-dwarf -O2 -fPIC -Wall -Wsign-compare -Wfloat-equal -Wpointer-arith -Wcast-align -Wall -Werror _mkltmp42oFOB.c -o _mkltmp42oFOB.c.o  -L/Users/gunjalgupta/Desktop/UberEats-clone/backend/node_modules/node-rdkafka/build/deps 
DBG 31745: Setting strlcpy (strlcpy) status to ok (action disable)
DBG 31745: Compile check strerror_r (HAVE_STRERROR_R) (sub=0): gcc  -gstrict-dwarf -O2 -fPIC -Wall -Wsign-compare -Wfloat-equal -Wpointer-arith -Wcast-align -Wall -Werror _mkltmpb39zkU.c -o _mkltmpb39zkU.c.o  -L/Users/gunjalgupta/Desktop/UberEats-clone/backend/node_modules/node-rdkafka/build/deps 
DBG 31745: Setting strerror_r (strerror_r) status to ok (action disable)
DBG 31745: Compile check pthread_setname_gnu (HAVE_PTHREAD_SETNAME_GNU) (sub=0): gcc  -gstrict-dwarf -O2 -fPIC -Wall -Wsign-compare -Wfloat-equal -Wpointer-arith -Wcast-align -Wall -Werror _mkltmpqLpDJa.c -o _mkltmpqLpDJa.c.o  -L/Users/gunjalgupta/Desktop/UberEats-clone/backend/node_modules/node-rdkafka/build/deps -D_GNU_SOURCE -lpthread
DBG 31745: compile check for pthread_setname_gnu (HAVE_PTHREAD_SETNAME_GNU) failed: gcc  -gstrict-dwarf -O2 -fPIC -Wall -Wsign-compare -Wfloat-equal -Wpointer-arith -Wcast-align -Wall -Werror _mkltmpqLpDJa.c -o _mkltmpqLpDJa.c.o  -L/Users/gunjalgupta/Desktop/UberEats-clone/backend/node_modules/node-rdkafka/build/deps -D_GNU_SOURCE -lpthread: _mkltmpqLpDJa.c:5:38: error: too many arguments to function call, expected 1, have 2
  pthread_setname_np(pthread_self(), "abc");
  ~~~~~~~~~~~~~~~~~~                 ^~~~~
/Library/Developer/CommandLineTools/SDKs/MacOSX.sdk/usr/include/pthread.h:510:5: note: 'pthread_setname_np' declared here
int     pthread_setname_np(const char*);
        ^
1 error generated.
DBG 31745: Setting pthread_setname_gnu (pthread_setname_gnu) status to failed (action disable)
DBG 31745: Check pthread_setname_gnu (HAVE_PTHREAD_SETNAME_GNU, action disable (originally disable)) failed: compile check failed:
CC: CC
flags: -D_GNU_SOURCE -lpthread
gcc  -gstrict-dwarf -O2 -fPIC -Wall -Wsign-compare -Wfloat-equal -Wpointer-arith -Wcast-align -Wall -Werror _mkltmpqLpDJa.c -o _mkltmpqLpDJa.c.o  -L/Users/gunjalgupta/Desktop/UberEats-clone/backend/node_modules/node-rdkafka/build/deps -D_GNU_SOURCE -lpthread:
_mkltmpqLpDJa.c:5:38: error: too many arguments to function call, expected 1, have 2
  pthread_setname_np(pthread_self(), "abc");
  ~~~~~~~~~~~~~~~~~~                 ^~~~~
/Library/Developer/CommandLineTools/SDKs/MacOSX.sdk/usr/include/pthread.h:510:5: note: 'pthread_setname_np' declared here
int     pthread_setname_np(const char*);
        ^
1 error generated.
source: 
#include <pthread.h>

void foo (void) {
  pthread_setname_np(pthread_self(), "abc");
}

DBG 31745: Compile check pthread_setname_darwin (HAVE_PTHREAD_SETNAME_DARWIN) (sub=0): gcc  -gstrict-dwarf -O2 -fPIC -Wall -Wsign-compare -Wfloat-equal -Wpointer-arith -Wcast-align -Wall -Werror _mkltmpj0v5P0.c -o _mkltmpj0v5P0.c.o  -L/Users/gunjalgupta/Desktop/UberEats-clone/backend/node_modules/node-rdkafka/build/deps -D_DARWIN_C_SOURCE -lpthread
DBG 31745: Setting pthread_setname_darwin (pthread_setname_darwin) status to ok (action disable)
DBG 31745: Setting nm (nm) status to ok (action cont)
DBG 31745: Compile check getrusage (HAVE_GETRUSAGE) (sub=0): gcc  -gstrict-dwarf -O2 -fPIC -Wall -Wsign-compare -Wfloat-equal -Wpointer-arith -Wcast-align -Wall -Werror _mkltmpaWBLih.c -o _mkltmpaWBLih.c.o  -L/Users/gunjalgupta/Desktop/UberEats-clone/backend/node_modules/node-rdkafka/build/deps 
DBG 31745: Setting getrusage (getrusage) status to ok (action disable)
